[2021-11-17T03:59:33.810Z] [PAYTM] INFO [NODE-SDK1.0.0] <MerchantProperties>: initialize called
[2021-11-17T03:59:33.811Z] [PAYTM] INFO [NODE-SDK1.0.0] <MerchantProperties>: Setting Environment for STAGE
[2021-11-17T03:59:33.812Z] [PAYTM] INFO [NODE-SDK:1.0.0:cd697c5f-971c-4561-b559-46406d45ba34] <Payment>: In createTxnToken PaymentDetail: {"channelId":"WEB","orderId":"540879cd-57b0-4a7d-ae24-e2cf363587ac","txnAmount":{"currency":"INR","value":899},"userInfo":{"custId":"1","email":"mrdhavalpatel7@gmail.in","firstName":"Dhaval","lastName":"Gadhiya","mobile":9173827571},"readTimeout":80000}
[2021-11-17T03:59:33.812Z] [PAYTM] INFO [NODE-SDK:1.0.0:cd697c5f-971c-4561-b559-46406d45ba34] <Payment>: validatePaymentDetailsObject for object: {"channelId":"WEB","orderId":"540879cd-57b0-4a7d-ae24-e2cf363587ac","txnAmount":{"currency":"INR","value":899},"userInfo":{"custId":"1","email":"mrdhavalpatel7@gmail.in","firstName":"Dhaval","lastName":"Gadhiya","mobile":9173827571},"readTimeout":80000}
[2021-11-17T03:59:33.813Z] [PAYTM] INFO [NODE-SDK:1.0.0:cd697c5f-971c-4561-b559-46406d45ba34] <Payment>: Exception caught in createTxnToken: {}
[2021-11-17T03:59:33.813Z] [PAYTM] CRITICAL [NODE-SDK:1.0.0:cd697c5f-971c-4561-b559-46406d45ba34] <CommonUtil>: getSDKResponse with exception : {}
[2021-11-17T04:02:12.232Z] [PAYTM] INFO [NODE-SDK1.0.0] <MerchantProperties>: initialize called
[2021-11-17T04:02:12.233Z] [PAYTM] INFO [NODE-SDK1.0.0] <MerchantProperties>: Setting Environment for STAGE
[2021-11-17T04:02:12.234Z] [PAYTM] INFO [NODE-SDK:1.0.0:fb4757f6-844c-4060-a143-ec0deaa2e8ab] <Payment>: In createTxnToken PaymentDetail: {"channelId":"WEB","orderId":"3cd5a29b-e07f-4a4d-bfa6-fe40062a8dab","txnAmount":{"currency":"INR","value":899},"userInfo":{"custId":"1","email":"mrdhavalpatel7@gmail.in","firstName":"Dhaval","lastName":"Gadhiya","mobile":9173827571},"readTimeout":80000}
[2021-11-17T04:02:12.234Z] [PAYTM] INFO [NODE-SDK:1.0.0:fb4757f6-844c-4060-a143-ec0deaa2e8ab] <Payment>: validatePaymentDetailsObject for object: {"channelId":"WEB","orderId":"3cd5a29b-e07f-4a4d-bfa6-fe40062a8dab","txnAmount":{"currency":"INR","value":899},"userInfo":{"custId":"1","email":"mrdhavalpatel7@gmail.in","firstName":"Dhaval","lastName":"Gadhiya","mobile":9173827571},"readTimeout":80000}
[2021-11-17T04:02:12.234Z] [PAYTM] INFO [NODE-SDK:1.0.0:fb4757f6-844c-4060-a143-ec0deaa2e8ab] <Payment>: Exception caught in createTxnToken: {}
[2021-11-17T04:02:12.235Z] [PAYTM] CRITICAL [NODE-SDK:1.0.0:fb4757f6-844c-4060-a143-ec0deaa2e8ab] <CommonUtil>: getSDKResponse with exception : {}
[2021-11-17T04:02:39.908Z] [PAYTM] INFO [NODE-SDK:1.0.0:1f2170dd-b4f8-4ee5-b240-a33a5dddf5a7] <Payment>: In createTxnToken PaymentDetail: {"channelId":"WEB","orderId":"0b0b4d60-23be-4238-9840-aad4d0e5cfed","txnAmount":{"currency":"INR","value":899},"userInfo":{"custId":"1","email":"mrdhavalpatel7@gmail.in","firstName":"Dhaval","lastName":"Gadhiya","mobile":9173827571},"readTimeout":80000}
[2021-11-17T04:02:39.909Z] [PAYTM] INFO [NODE-SDK:1.0.0:1f2170dd-b4f8-4ee5-b240-a33a5dddf5a7] <Payment>: validatePaymentDetailsObject for object: {"channelId":"WEB","orderId":"0b0b4d60-23be-4238-9840-aad4d0e5cfed","txnAmount":{"currency":"INR","value":899},"userInfo":{"custId":"1","email":"mrdhavalpatel7@gmail.in","firstName":"Dhaval","lastName":"Gadhiya","mobile":9173827571},"readTimeout":80000}
[2021-11-17T04:02:39.909Z] [PAYTM] INFO [NODE-SDK:1.0.0:1f2170dd-b4f8-4ee5-b240-a33a5dddf5a7] <Payment>: Exception caught in createTxnToken: {}
[2021-11-17T04:02:39.909Z] [PAYTM] CRITICAL [NODE-SDK:1.0.0:1f2170dd-b4f8-4ee5-b240-a33a5dddf5a7] <CommonUtil>: getSDKResponse with exception : {}
[2021-11-17T04:13:02.940Z] [PAYTM] INFO [NODE-SDK1.0.0] <MerchantProperties>: initialize called
[2021-11-17T04:13:02.942Z] [PAYTM] INFO [NODE-SDK1.0.0] <MerchantProperties>: Setting Environment for STAGE
[2021-11-17T04:13:02.942Z] [PAYTM] INFO [NODE-SDK:1.0.0:48e273cf-e737-4332-9e58-64d19e7cd30c] <Payment>: In createTxnToken PaymentDetail: {"channelId":"WEB","orderId":"ec47abf5-e41a-408a-85ee-e7eef382ec6e","txnAmount":{"currency":"INR","value":899},"userInfo":{"custId":"1","email":"mrdhavalpatel7@gmail.in","firstName":"Dhaval","lastName":"Gadhiya","mobile":9173827571},"readTimeout":80000}
[2021-11-17T04:13:02.942Z] [PAYTM] INFO [NODE-SDK:1.0.0:48e273cf-e737-4332-9e58-64d19e7cd30c] <Payment>: validatePaymentDetailsObject for object: {"channelId":"WEB","orderId":"ec47abf5-e41a-408a-85ee-e7eef382ec6e","txnAmount":{"currency":"INR","value":899},"userInfo":{"custId":"1","email":"mrdhavalpatel7@gmail.in","firstName":"Dhaval","lastName":"Gadhiya","mobile":9173827571},"readTimeout":80000}
[2021-11-17T04:13:02.943Z] [PAYTM] INFO [NODE-SDK:1.0.0:48e273cf-e737-4332-9e58-64d19e7cd30c] <Payment>: Exception caught in createTxnToken: {}
[2021-11-17T04:13:02.943Z] [PAYTM] CRITICAL [NODE-SDK:1.0.0:48e273cf-e737-4332-9e58-64d19e7cd30c] <CommonUtil>: getSDKResponse with exception : {}
[2021-11-17T04:17:22.286Z] [PAYTM] INFO [NODE-SDK1.0.0] <MerchantProperties>: initialize called
[2021-11-17T04:17:22.287Z] [PAYTM] INFO [NODE-SDK1.0.0] <MerchantProperties>: Setting Environment for STAGE
[2021-11-17T04:17:22.288Z] [PAYTM] INFO [NODE-SDK:1.0.0:9ef536f8-c815-4853-b7e8-b16f9721ddf7] <Payment>: In createTxnToken PaymentDetail: {"channelId":"WEB","orderId":"6be8c28f-317f-421c-ac25-65cdf005659b","txnAmount":{"currency":"INR","value":899},"userInfo":{"custId":"1","email":"mrdhavalpatel7@gmail.in","firstName":"Dhaval","lastName":"Gadhiya","mobile":9173827571},"readTimeout":80000}
[2021-11-17T04:17:22.288Z] [PAYTM] INFO [NODE-SDK:1.0.0:9ef536f8-c815-4853-b7e8-b16f9721ddf7] <Payment>: validatePaymentDetailsObject for object: {"channelId":"WEB","orderId":"6be8c28f-317f-421c-ac25-65cdf005659b","txnAmount":{"currency":"INR","value":899},"userInfo":{"custId":"1","email":"mrdhavalpatel7@gmail.in","firstName":"Dhaval","lastName":"Gadhiya","mobile":9173827571},"readTimeout":80000}
[2021-11-17T04:17:22.288Z] [PAYTM] INFO [NODE-SDK:1.0.0:9ef536f8-c815-4853-b7e8-b16f9721ddf7] <Payment>: Exception caught in createTxnToken: {}
[2021-11-17T04:17:22.288Z] [PAYTM] CRITICAL [NODE-SDK:1.0.0:9ef536f8-c815-4853-b7e8-b16f9721ddf7] <CommonUtil>: getSDKResponse with exception : {}
[2021-11-17T04:22:01.667Z] [PAYTM] INFO [NODE-SDK1.0.0] <MerchantProperties>: initialize called
[2021-11-17T04:22:01.668Z] [PAYTM] INFO [NODE-SDK1.0.0] <MerchantProperties>: Setting Environment for STAGE
[2021-11-17T04:22:01.669Z] [PAYTM] INFO [NODE-SDK:1.0.0:29e8b8d6-c1f7-4584-99b2-d084346f62ff] <Payment>: In createTxnToken PaymentDetail: {"channelId":"WEB","orderId":"401cad58-9f7c-4d7d-9bdb-e3f2c22f0299","txnAmount":{"currency":"INR","value":899},"userInfo":{"custId":112,"email":"mrdhavalpatel7@gmail.in","firstName":"Dhaval","lastName":"Gadhiya","mobile":9173827571},"readTimeout":80000}
[2021-11-17T04:22:01.669Z] [PAYTM] INFO [NODE-SDK:1.0.0:29e8b8d6-c1f7-4584-99b2-d084346f62ff] <Payment>: validatePaymentDetailsObject for object: {"channelId":"WEB","orderId":"401cad58-9f7c-4d7d-9bdb-e3f2c22f0299","txnAmount":{"currency":"INR","value":899},"userInfo":{"custId":112,"email":"mrdhavalpatel7@gmail.in","firstName":"Dhaval","lastName":"Gadhiya","mobile":9173827571},"readTimeout":80000}
[2021-11-17T04:22:01.669Z] [PAYTM] INFO [NODE-SDK:1.0.0:29e8b8d6-c1f7-4584-99b2-d084346f62ff] <Payment>: Exception caught in createTxnToken: {}
[2021-11-17T04:22:01.669Z] [PAYTM] CRITICAL [NODE-SDK:1.0.0:29e8b8d6-c1f7-4584-99b2-d084346f62ff] <CommonUtil>: getSDKResponse with exception : {}
